Unable to capture context for thread 11220 in process 9068, can not generate back trace
Unable to capture context for thread 7756 in process 9068, can not generate back trace
Unable to capture context for thread 11544 in process 9068, can not generate back trace
Unable to capture context for thread 9752 in process 9068, can not generate back trace
Unable to capture context for thread 4728 in process 9068, can not generate back trace
Unable to capture context for thread 11148 in process 9068, can not generate back trace
Unable to capture context for thread 4548 in process 9068, can not generate back trace
Unable to capture context for thread 10332 in process 9068, can not generate back trace
Unable to capture context for thread 10948 in process 9068, can not generate back trace
Unable to capture context for thread 10092 in process 9068, can not generate back trace
Unable to capture context for thread 11152 in process 9068, can not generate back trace
Exception at PC 0x00007FFF6F06BB93
Printing stacktrace...

[0]  [0x00007FFF6F06BB93]
[1]  [0x00007FFF6F06BB93]
[2]  [0x00007FFF6F06B4A1]
[3]  [0x00007FFF6F06B459]
[4]  [0x00007FFF6F0519FE]
[5]  [0x00007FFF6F050ED1]
[6]  [0x00007FFF6F050D76]
[7]  [0x00007FFF6EFF79F6]
[8]  [0x00007FFF6EFE7AFB]
[9]  [0x00007FFF6F10E90A]
[10]  [0x00007FFF6F129F87]
[11]  [0x00007FFF6F12A05F]
[12] (BaseThreadInitThunk+0x14) [0x00007FFFB05A1FE4]
[13] (RtlUserThreadStart+0x21) [0x00007FFFB0ADCB81]
Done
Exception at PC 0x00007FFF6ED71A52
Attemped to write at address 0x00007FFF71DFABA4
Printing stacktrace...

[0]  [0x00007FFF6ED71A52]
[1]  [0x00007FFF6ED71A52]
[2]  [0x00007FFF6ED71AD4]
[3]  [0x00007FFF6EEB3FF7]
[4]  [0x00007FFF6ED99128]
[5]  [0x00007FFF6F04DFB9]
[6]  [0x00007FFF6F21EF23]
[7]  [0x00007FFF6F12B06B]
[8]  [0x00007FFF6F1208AF]
[9]  [0x00007FFF6F120A32]
[10] (RtlDeactivateActivationContextUnsafeFast+0x1b3) [0x00007FFFB0AA12C3]
[11] (LdrShutdownProcess+0x125) [0x00007FFFB0AE6325]
[12] (RtlExitUserProcess+0xb4) [0x00007FFFB0AE61E4]
[13] (ExitProcess+0xa) [0x00007FFFB059F06A]
[14] (exit+0x75) [0x00007FFFADF89B25]
[15] (initterm_e+0x21d) [0x00007FFFADF8A16D]
[16]  [0x00000000004014CD]
[17]  [0x000000000040151B]
[18] (BaseThreadInitThunk+0x14) [0x00007FFFB05A1FE4]
[19] (RtlUserThreadStart+0x21) [0x00007FFFB0ADCB81]
Done
