Vivado Simulator 2017.2
Copyright 1986-1999, 2001-2016 Xilinx, Inc. All Rights Reserved.
Running: C:/Xilinx/Vivado/2017.2/bin/unwrapped/win64.o/xelab.exe -wto 333af23758cf47abaaf211841e0ea5a0 --debug typical --relax --mt 2 -L xil_defaultlib -L secureip --snapshot if_tb_behav xil_defaultlib.if_tb -log elaborate.log 
Using 2 slave threads.
Starting static elaboration
Completed static elaboration
Starting simulation data flow analysis
Completed simulation data flow analysis
Time Resolution for simulation is 1ps
Compiling package std.standard
Compiling package std.textio
Compiling package ieee.std_logic_1164
Compiling package ieee.std_logic_arith
Compiling package ieee.std_logic_unsigned
Compiling package ieee.numeric_std
Compiling package ieee.math_real
Compiling architecture behavioral of entity xil_defaultlib.instruction_memory [instruction_memory_default]
Compiling architecture behavioral of entity xil_defaultlib.adder [adder_default]
Compiling architecture behavioral of entity xil_defaultlib.program_counter [program_counter_default]
Compiling architecture behavioral of entity xil_defaultlib.mux2 [mux2_default]
Compiling architecture structural of entity xil_defaultlib.instruction_fetch [instruction_fetch_default]
Compiling architecture behav of entity xil_defaultlib.if_tb
Built simulation snapshot if_tb_behav
