Unable to capture context for thread 8892 in process 15940, can not generate back trace
Unable to capture context for thread 6916 in process 15940, can not generate back trace
Unable to capture context for thread 15772 in process 15940, can not generate back trace
Unable to capture context for thread 10008 in process 15940, can not generate back trace
Unable to capture context for thread 14516 in process 15940, can not generate back trace
Unable to capture context for thread 11980 in process 15940, can not generate back trace
Unable to capture context for thread 16352 in process 15940, can not generate back trace
Unable to capture context for thread 11096 in process 15940, can not generate back trace
Unable to capture context for thread 9368 in process 15940, can not generate back trace
Unable to capture context for thread 8936 in process 15940, can not generate back trace
Exception at PC 0x00007FFE44E8BB93
Printing stacktrace...

[0]  [0x00007FFE44E8BB93]
[1]  [0x00007FFE44E8BB93]
[2]  [0x00007FFE44E8B4A1]
[3]  [0x00007FFE44E8B459]
[4]  [0x00007FFE44E719FE]
[5]  [0x00007FFE44E70ED1]
[6]  [0x00007FFE44E70D76]
[7]  [0x00007FFE44E179F6]
[8]  [0x00007FFE44E07AFB]
[9]  [0x00007FFE44F2E90A]
[10]  [0x00007FFE44F49F87]
[11]  [0x00007FFE44F4A05F]
[12] (BaseThreadInitThunk+0x14) [0x00007FFEBFDF1FE4]
[13] (RtlUserThreadStart+0x21) [0x00007FFEC0BECB81]
Done
Exception at PC 0x00007FFE44B91A52
Attemped to write at address 0x00007FFE73BDABA4
Printing stacktrace...

[0]  [0x00007FFE44B91A52]
[1]  [0x00007FFE44B91A52]
[2]  [0x00007FFE44B91AD4]
[3]  [0x00007FFE44CD3FF7]
[4]  [0x00007FFE44BB9128]
[5]  [0x00007FFE44E6DFB9]
[6]  [0x00007FFE4503EF23]
[7]  [0x00007FFE44F4B06B]
[8]  [0x00007FFE44F408AF]
[9]  [0x00007FFE44F40A32]
[10] (RtlDeactivateActivationContextUnsafeFast+0x1b3) [0x00007FFEC0BB12C3]
[11] (LdrShutdownProcess+0x125) [0x00007FFEC0BF6325]
[12] (RtlExitUserProcess+0xb4) [0x00007FFEC0BF61E4]
[13] (ExitProcess+0xa) [0x00007FFEBFDEF06A]
[14] (exit+0x75) [0x00007FFEBE769B25]
[15] (initterm_e+0x21d) [0x00007FFEBE76A16D]
[16]  [0x00000000004014CD]
[17]  [0x000000000040151B]
[18] (BaseThreadInitThunk+0x14) [0x00007FFEBFDF1FE4]
[19] (RtlUserThreadStart+0x21) [0x00007FFEC0BECB81]
Done
