#-----------------------------------------------------------
# Vivado v2017.2 (64-bit)
# SW Build 1909853 on Thu Jun 15 18:39:09 MDT 2017
# IP Build 1909766 on Thu Jun 15 19:58:00 MDT 2017
# Start of session at: Mon Feb 25 08:56:55 2019
# Process ID: 12996
# Current directory: D:/DSD-II/Exercise4/Project_4
# Command line: vivado.exe -gui_launcher_event rodinguilauncherevent7356 D:\DSD-II\Exercise4\Project_4\Project_4.xpr
# Log file: D:/DSD-II/Exercise4/Project_4/vivado.log
# Journal file: D:/DSD-II/Exercise4/Project_4\vivado.jou
#-----------------------------------------------------------
start_gui
open_project D:/DSD-II/Exercise4/Project_4/Project_4.xpr
Scanning sources...
Finished scanning sources
INFO: [IP_Flow 19-234] Refreshing IP repositories
INFO: [IP_Flow 19-1704] No user IP repositories specified
INFO: [IP_Flow 19-2313] Loaded Vivado IP repository 'C:/Xilinx/Vivado/2017.2/data/ip'.
open_project: Time (s): cpu = 00:00:10 ; elapsed = 00:00:08 . Memory (MB): peak = 774.805 ; gain = 113.180
update_compile_order -fileset sources_1
launch_simulation
INFO: [SIM-utils-51] Simulation object is 'sim_1'
INFO: [SIM-utils-54] Inspecting design source files for 'dec_tb' in fileset 'sim_1'...
INFO: [USF-XSim-97] Finding global include files...
INFO: [USF-XSim-98] Fetching design files from 'sim_1'...
INFO: [USF-XSim-2] XSim::Compile design
INFO: [USF-XSim-61] Executing 'COMPILE and ANALYZE' step in 'D:/DSD-II/Exercise4/Project_4/Project_4.sim/sim_1/behav'
"xvhdl -m64 --relax -prj dec_tb_vhdl.prj"
INFO: [VRFC 10-163] Analyzing VHDL file "D:/DSD-II/Exercise4/Project_4/Project_4.srcs/sources_1/new/instr_decode.vhd" into library xil_defaultlib
INFO: [VRFC 10-307] analyzing entity instr_decode
INFO: [VRFC 10-163] Analyzing VHDL file "D:/DSD-II/Exercise4/Project_4/Project_4.srcs/sim_1/new/dec_tb.vhd" into library xil_defaultlib
INFO: [VRFC 10-307] analyzing entity dec_tb
INFO: [USF-XSim-69] 'compile' step finished in '2' seconds
INFO: [USF-XSim-3] XSim::Elaborate design
INFO: [USF-XSim-61] Executing 'ELABORATE' step in 'D:/DSD-II/Exercise4/Project_4/Project_4.sim/sim_1/behav'
Vivado Simulator 2017.2
Copyright 1986-1999, 2001-2016 Xilinx, Inc. All Rights Reserved.
Running: C:/Xilinx/Vivado/2017.2/bin/unwrapped/win64.o/xelab.exe -wto 514dc02365e94c639d27b2784975a6a9 --debug typical --relax --mt 2 -L xil_defaultlib -L secureip --snapshot dec_tb_behav xil_defaultlib.dec_tb -log elaborate.log 
Using 2 slave threads.
Starting static elaboration
Completed static elaboration
Starting simulation data flow analysis
Completed simulation data flow analysis
Time Resolution for simulation is 1ps
Compiling package std.standard
Compiling package std.textio
Compiling package ieee.std_logic_1164
Compiling package ieee.std_logic_arith
Compiling package ieee.std_logic_unsigned
Compiling package ieee.numeric_std
Compiling architecture behavioral of entity xil_defaultlib.instr_decode [instr_decode_default]
Compiling architecture behavioral of entity xil_defaultlib.dec_tb
Built simulation snapshot dec_tb_behav

****** Webtalk v2017.2 (64-bit)
  **** SW Build 1909853 on Thu Jun 15 18:39:09 MDT 2017
  **** IP Build 1909766 on Thu Jun 15 19:58:00 MDT 2017
    ** Copyright 1986-2017 Xilinx, Inc. All Rights Reserved.

source D:/DSD-II/Exercise4/Project_4/Project_4.sim/sim_1/behav/xsim.dir/dec_tb_behav/webtalk/xsim_webtalk.tcl -notrace
INFO: [Common 17-186] 'D:/DSD-II/Exercise4/Project_4/Project_4.sim/sim_1/behav/xsim.dir/dec_tb_behav/webtalk/usage_statistics_ext_xsim.xml' has been successfully sent to Xilinx on Mon Feb 25 08:57:53 2019. For additional details about this file, please refer to the WebTalk help file at C:/Xilinx/Vivado/2017.2/doc/webtalk_introduction.html.
INFO: [Common 17-206] Exiting Webtalk at Mon Feb 25 08:57:53 2019...
run_program: Time (s): cpu = 00:00:01 ; elapsed = 00:00:08 . Memory (MB): peak = 781.230 ; gain = 0.000
INFO: [USF-XSim-69] 'elaborate' step finished in '8' seconds
INFO: [USF-XSim-4] XSim::Simulate design
INFO: [USF-XSim-61] Executing 'SIMULATE' step in 'D:/DSD-II/Exercise4/Project_4/Project_4.sim/sim_1/behav'
INFO: [USF-XSim-98] *** Running xsim
   with args "dec_tb_behav -key {Behavioral:sim_1:Functional:dec_tb} -tclbatch {dec_tb.tcl} -log {simulate.log}"
INFO: [USF-XSim-8] Loading simulator feature
Vivado Simulator 2017.2
Time resolution is 1 ps
source dec_tb.tcl
# set curr_wave [current_wave_config]
# if { [string length $curr_wave] == 0 } {
#   if { [llength [get_objects]] > 0} {
#     add_wave /
#     set_property needs_save false [current_wave_config]
#   } else {
#      send_msg_id Add_Wave-1 WARNING "No top level signals found. Simulator will start without a wave window. If you want to open a wave window go to 'File->New Waveform Configuration' or type 'create_wave_config' in the TCL console."
#   }
# }
# run 140ns
INFO: [USF-XSim-96] XSim completed. Design snapshot 'dec_tb_behav' loaded.
INFO: [USF-XSim-97] XSim simulation ran for 140ns
launch_simulation: Time (s): cpu = 00:00:04 ; elapsed = 00:00:16 . Memory (MB): peak = 792.621 ; gain = 11.391
config_webtalk -user on
set_property -name {xsim.simulate.runtime} -value {300ns} -objects [get_filesets sim_1]
relaunch_sim
suspend_sim: Time (s): cpu = 00:00:01 ; elapsed = 00:00:06 . Memory (MB): peak = 921.395 ; gain = 0.000
INFO: [SIM-utils-51] Simulation object is 'sim_1'
INFO: [SIM-utils-54] Inspecting design source files for 'dec_tb' in fileset 'sim_1'...
INFO: [USF-XSim-97] Finding global include files...
INFO: [USF-XSim-98] Fetching design files from 'sim_1'...
INFO: [USF-XSim-2] XSim::Compile design
INFO: [USF-XSim-61] Executing 'COMPILE and ANALYZE' step in 'D:/DSD-II/Exercise4/Project_4/Project_4.sim/sim_1/behav'
"xvhdl -m64 --relax -prj dec_tb_vhdl.prj"
INFO: [VRFC 10-163] Analyzing VHDL file "D:/DSD-II/Exercise4/Project_4/Project_4.srcs/sources_1/new/instr_decode.vhd" into library xil_defaultlib
INFO: [VRFC 10-307] analyzing entity instr_decode
INFO: [VRFC 10-163] Analyzing VHDL file "D:/DSD-II/Exercise4/Project_4/Project_4.srcs/sim_1/new/dec_tb.vhd" into library xil_defaultlib
INFO: [VRFC 10-307] analyzing entity dec_tb
INFO: [USF-XSim-69] 'compile' step finished in '2' seconds
INFO: [USF-XSim-3] XSim::Elaborate design
INFO: [USF-XSim-61] Executing 'ELABORATE' step in 'D:/DSD-II/Exercise4/Project_4/Project_4.sim/sim_1/behav'
Vivado Simulator 2017.2
Copyright 1986-1999, 2001-2016 Xilinx, Inc. All Rights Reserved.
Running: C:/Xilinx/Vivado/2017.2/bin/unwrapped/win64.o/xelab.exe -wto 514dc02365e94c639d27b2784975a6a9 --debug typical --relax --mt 2 -L xil_defaultlib -L secureip --snapshot dec_tb_behav xil_defaultlib.dec_tb -log elaborate.log 
Using 2 slave threads.
Starting static elaboration
Completed static elaboration
Starting simulation data flow analysis
Completed simulation data flow analysis
Time Resolution for simulation is 1ps
Compiling package std.standard
Compiling package std.textio
Compiling package ieee.std_logic_1164
Compiling package ieee.std_logic_arith
Compiling package ieee.std_logic_unsigned
Compiling package ieee.numeric_std
Compiling architecture behavioral of entity xil_defaultlib.instr_decode [instr_decode_default]
Compiling architecture behavioral of entity xil_defaultlib.dec_tb
Built simulation snapshot dec_tb_behav
INFO: [USF-XSim-69] 'elaborate' step finished in '4' seconds
Vivado Simulator 2017.2
Time resolution is 1 ps
relaunch_sim: Time (s): cpu = 00:00:03 ; elapsed = 00:00:15 . Memory (MB): peak = 921.395 ; gain = 0.000
add_wave {{/dec_tb/dec/opcode}} {{/dec_tb/dec/func}} {{/dec_tb/dec/rs}} {{/dec_tb/dec/rt}} {{/dec_tb/dec/rd}} {{/dec_tb/dec/shft_amt}} {{/dec_tb/dec/immed}} {{/dec_tb/dec/address}} {{/dec_tb/dec/didnt_work}} {{/dec_tb/dec/var}} 
run all
INFO: [Common 17-41] Interrupt caught. Command should exit soon.
run: Time (s): cpu = 00:00:04 ; elapsed = 00:01:01 . Memory (MB): peak = 921.395 ; gain = 0.000
INFO: [Common 17-344] 'run' was cancelled
close_sim
INFO: [Simtcl 6-16] Simulation closed
exit
INFO: [Common 17-206] Exiting Vivado at Mon Feb 25 09:14:00 2019...
