#-----------------------------------------------------------
# Vivado v2017.2 (64-bit)
# SW Build 1909853 on Thu Jun 15 18:39:09 MDT 2017
# IP Build 1909766 on Thu Jun 15 19:58:00 MDT 2017
# Start of session at: Tue Apr  9 17:01:32 2019
# Process ID: 3476
# Current directory: D:/DSD-II/Exercise5/project_1
# Command line: vivado.exe -gui_launcher_event rodinguilauncherevent6624 D:\DSD-II\Exercise5\project_1\project_1.xpr
# Log file: D:/DSD-II/Exercise5/project_1/vivado.log
# Journal file: D:/DSD-II/Exercise5/project_1\vivado.jou
#-----------------------------------------------------------
start_gui
open_project D:/DSD-II/Exercise5/project_1/project_1.xpr
Scanning sources...
Finished scanning sources
INFO: [IP_Flow 19-234] Refreshing IP repositories
INFO: [IP_Flow 19-1704] No user IP repositories specified
INFO: [IP_Flow 19-2313] Loaded Vivado IP repository 'C:/Xilinx/Vivado/2017.2/data/ip'.
open_project: Time (s): cpu = 00:00:11 ; elapsed = 00:00:06 . Memory (MB): peak = 780.148 ; gain = 96.566
update_compile_order -fileset sources_1
set_property top execTB [get_filesets sim_1]
set_property top_lib xil_defaultlib [get_filesets sim_1]
launch_simulation
INFO: [SIM-utils-51] Simulation object is 'sim_1'
INFO: [SIM-utils-54] Inspecting design source files for 'execTB' in fileset 'sim_1'...
INFO: [USF-XSim-97] Finding global include files...
INFO: [USF-XSim-98] Fetching design files from 'sim_1'...
INFO: [USF-XSim-2] XSim::Compile design
INFO: [USF-XSim-61] Executing 'COMPILE and ANALYZE' step in 'D:/DSD-II/Exercise5/project_1/project_1.sim/sim_1/behav'
"xvhdl -m64 --relax -prj execTB_vhdl.prj"
INFO: [VRFC 10-163] Analyzing VHDL file "D:/DSD-II/Exercise5/project_1/project_1.srcs/sources_1/new/ALU.vhd" into library xil_defaultlib
INFO: [VRFC 10-307] analyzing entity alu
INFO: [VRFC 10-163] Analyzing VHDL file "D:/DSD-II/Exercise5/project_1/project_1.srcs/sources_1/new/Adder.vhd" into library xil_defaultlib
INFO: [VRFC 10-307] analyzing entity Full_Adder
INFO: [VRFC 10-163] Analyzing VHDL file "D:/DSD-II/Exercise5/project_1/project_1.srcs/sources_1/new/ExecuteStage.vhd" into library xil_defaultlib
INFO: [VRFC 10-307] analyzing entity ExecuteStage
INFO: [VRFC 10-163] Analyzing VHDL file "D:/DSD-II/Exercise5/project_1/project_1.srcs/sources_1/new/Rip_Car_Adder.vhd" into library xil_defaultlib
INFO: [VRFC 10-307] analyzing entity Rip_Car_Adder
INFO: [VRFC 10-163] Analyzing VHDL file "D:/DSD-II/Exercise5/project_1/project_1.srcs/sources_1/new/SLL_ALU.vhd" into library xil_defaultlib
INFO: [VRFC 10-307] analyzing entity SLL_ALU
INFO: [VRFC 10-163] Analyzing VHDL file "D:/DSD-II/Exercise5/project_1/project_1.srcs/sources_1/new/SRA_ALU.vhd" into library xil_defaultlib
INFO: [VRFC 10-307] analyzing entity SRA_ALU
INFO: [VRFC 10-163] Analyzing VHDL file "D:/DSD-II/Exercise5/project_1/project_1.srcs/sources_1/new/SRL_ALU.vhd" into library xil_defaultlib
INFO: [VRFC 10-307] analyzing entity SRL_ALU
INFO: [VRFC 10-163] Analyzing VHDL file "D:/DSD-II/Exercise5/project_1/project_1.srcs/sources_1/new/multu.vhd" into library xil_defaultlib
INFO: [VRFC 10-307] analyzing entity multu
INFO: [VRFC 10-163] Analyzing VHDL file "D:/DSD-II/Exercise5/project_1/project_1.srcs/sim_1/new/execTB.vhd" into library xil_defaultlib
INFO: [VRFC 10-307] analyzing entity execTB
INFO: [USF-XSim-69] 'compile' step finished in '2' seconds
INFO: [USF-XSim-3] XSim::Elaborate design
INFO: [USF-XSim-61] Executing 'ELABORATE' step in 'D:/DSD-II/Exercise5/project_1/project_1.sim/sim_1/behav'
Vivado Simulator 2017.2
Copyright 1986-1999, 2001-2016 Xilinx, Inc. All Rights Reserved.
Running: C:/Xilinx/Vivado/2017.2/bin/unwrapped/win64.o/xelab.exe -wto 3636f00db3a0471d9fe4c9c6a46236bc --debug typical --relax --mt 2 -L xil_defaultlib -L secureip --snapshot execTB_behav xil_defaultlib.execTB -log elaborate.log 
Using 2 slave threads.
Starting static elaboration
Completed static elaboration
Starting simulation data flow analysis
Completed simulation data flow analysis
Time Resolution for simulation is 1ps
Compiling package std.standard
Compiling package std.textio
Compiling package ieee.std_logic_1164
Compiling package ieee.std_logic_arith
Compiling package ieee.std_logic_unsigned
Compiling package ieee.numeric_std
Compiling architecture behavioral of entity xil_defaultlib.Full_Adder [full_adder_default]
Compiling architecture struct of entity xil_defaultlib.Rip_Car_Adder [\Rip_Car_Adder(n=32)\]
Compiling architecture behavioral of entity xil_defaultlib.SRA_ALU [\SRA_ALU(n=32)\]
Compiling architecture behavioral of entity xil_defaultlib.SRL_ALU [\SRL_ALU(n=32)\]
Compiling architecture behavioral of entity xil_defaultlib.SLL_ALU [\SLL_ALU(n=32)\]
Compiling architecture behavioral of entity xil_defaultlib.multu [\multu(n=16)\]
Compiling architecture df of entity xil_defaultlib.alu [alu_default]
Compiling architecture struct of entity xil_defaultlib.ExecuteStage [executestage_default]
Compiling architecture behavioral of entity xil_defaultlib.exectb
Built simulation snapshot execTB_behav

****** Webtalk v2017.2 (64-bit)
  **** SW Build 1909853 on Thu Jun 15 18:39:09 MDT 2017
  **** IP Build 1909766 on Thu Jun 15 19:58:00 MDT 2017
    ** Copyright 1986-2017 Xilinx, Inc. All Rights Reserved.

source D:/DSD-II/Exercise5/project_1/project_1.sim/sim_1/behav/xsim.dir/execTB_behav/webtalk/xsim_webtalk.tcl -notrace
INFO: [Common 17-186] 'D:/DSD-II/Exercise5/project_1/project_1.sim/sim_1/behav/xsim.dir/execTB_behav/webtalk/usage_statistics_ext_xsim.xml' has been successfully sent to Xilinx on Tue Apr  9 17:02:22 2019. For additional details about this file, please refer to the WebTalk help file at C:/Xilinx/Vivado/2017.2/doc/webtalk_introduction.html.
INFO: [Common 17-206] Exiting Webtalk at Tue Apr  9 17:02:22 2019...
run_program: Time (s): cpu = 00:00:02 ; elapsed = 00:00:10 . Memory (MB): peak = 790.441 ; gain = 0.000
INFO: [USF-XSim-69] 'elaborate' step finished in '9' seconds
INFO: [USF-XSim-4] XSim::Simulate design
INFO: [USF-XSim-61] Executing 'SIMULATE' step in 'D:/DSD-II/Exercise5/project_1/project_1.sim/sim_1/behav'
INFO: [USF-XSim-98] *** Running xsim
   with args "execTB_behav -key {Behavioral:sim_1:Functional:execTB} -tclbatch {execTB.tcl} -log {simulate.log}"
INFO: [USF-XSim-8] Loading simulator feature
Vivado Simulator 2017.2
Time resolution is 1 ps
source execTB.tcl
# set curr_wave [current_wave_config]
# if { [string length $curr_wave] == 0 } {
#   if { [llength [get_objects]] > 0} {
#     add_wave /
#     set_property needs_save false [current_wave_config]
#   } else {
#      send_msg_id Add_Wave-1 WARNING "No top level signals found. Simulator will start without a wave window. If you want to open a wave window go to 'File->New Waveform Configuration' or type 'create_wave_config' in the TCL console."
#   }
# }
# run 160ns
INFO: [USF-XSim-96] XSim completed. Design snapshot 'execTB_behav' loaded.
INFO: [USF-XSim-97] XSim simulation ran for 160ns
launch_simulation: Time (s): cpu = 00:00:09 ; elapsed = 00:00:19 . Memory (MB): peak = 822.301 ; gain = 31.859
update_compile_order -fileset sim_1
close_sim
INFO: [Simtcl 6-16] Simulation closed
close_sim: Time (s): cpu = 00:00:01 ; elapsed = 00:00:06 . Memory (MB): peak = 827.309 ; gain = 0.000
exit
INFO: [Common 17-206] Exiting Vivado at Tue Apr  9 17:05:11 2019...
