Unable to capture context for thread 4064 in process 12260, can not generate back trace
Unable to capture context for thread 10568 in process 12260, can not generate back trace
Unable to capture context for thread 8832 in process 12260, can not generate back trace
Unable to capture context for thread 10144 in process 12260, can not generate back trace
Unable to capture context for thread 9576 in process 12260, can not generate back trace
Unable to capture context for thread 6292 in process 12260, can not generate back trace
Unable to capture context for thread 4016 in process 12260, can not generate back trace
Unable to capture context for thread 3036 in process 12260, can not generate back trace
Unable to capture context for thread 9196 in process 12260, can not generate back trace
Unable to capture context for thread 5724 in process 12260, can not generate back trace
Unable to capture context for thread 11564 in process 12260, can not generate back trace
Exception at PC 0x00007FFF765DBB93
Printing stacktrace...

[0]  [0x00007FFF765DBB93]
[1]  [0x00007FFF765DBB93]
[2]  [0x00007FFF765DB4A1]
[3]  [0x00007FFF765DB459]
[4]  [0x00007FFF765C19FE]
[5]  [0x00007FFF765C0ED1]
[6]  [0x00007FFF765C0D76]
[7]  [0x00007FFF765679F6]
[8]  [0x00007FFF76557AFB]
[9]  [0x00007FFF7667E90A]
[10]  [0x00007FFF76699F87]
[11]  [0x00007FFF7669A05F]
[12] (BaseThreadInitThunk+0x14) [0x00007FFFB05A1FE4]
[13] (RtlUserThreadStart+0x21) [0x00007FFFB0ADCB81]
Done
Exception at PC 0x00007FFF762E1A52
Attemped to write at address 0x00007FFF71DFABA4
Printing stacktrace...

[0]  [0x00007FFF762E1A52]
[1]  [0x00007FFF762E1A52]
[2]  [0x00007FFF762E1AD4]
[3]  [0x00007FFF76423FF7]
[4]  [0x00007FFF76309128]
[5]  [0x00007FFF765BDFB9]
[6]  [0x00007FFF7678EF23]
[7]  [0x00007FFF7669B06B]
[8]  [0x00007FFF766908AF]
[9]  [0x00007FFF76690A32]
[10] (RtlDeactivateActivationContextUnsafeFast+0x1b3) [0x00007FFFB0AA12C3]
[11] (LdrShutdownProcess+0x125) [0x00007FFFB0AE6325]
[12] (RtlExitUserProcess+0xb4) [0x00007FFFB0AE61E4]
[13] (ExitProcess+0xa) [0x00007FFFB059F06A]
[14] (exit+0x75) [0x00007FFFADF89B25]
[15] (initterm_e+0x21d) [0x00007FFFADF8A16D]
[16]  [0x00000000004014CD]
[17]  [0x000000000040151B]
[18] (BaseThreadInitThunk+0x14) [0x00007FFFB05A1FE4]
[19] (RtlUserThreadStart+0x21) [0x00007FFFB0ADCB81]
Done
