
*** Running vivado
    with args -log WriteBack_stagetb.vds -m64 -product Vivado -mode batch -messageDb vivado.pb -notrace -source WriteBack_stagetb.tcl


****** Vivado v2017.2 (64-bit)
  **** SW Build 1909853 on Thu Jun 15 18:39:09 MDT 2017
  **** IP Build 1909766 on Thu Jun 15 19:58:00 MDT 2017
    ** Copyright 1986-2017 Xilinx, Inc. All Rights Reserved.

source WriteBack_stagetb.tcl -notrace
Command: synth_design -top WriteBack_stagetb -part xc7k70tfbv676-1
Starting synth_design
Attempting to get a license for feature 'Synthesis' and/or device 'xc7k70t-fbv676'
INFO: [Common 17-349] Got license for feature 'Synthesis' and/or device 'xc7k70t-fbv676'
INFO: Launching helper process for spawning children vivado processes
INFO: Helper process launched with PID 18876 
---------------------------------------------------------------------------------
Starting Synthesize : Time (s): cpu = 00:00:02 ; elapsed = 00:00:02 . Memory (MB): peak = 308.965 ; gain = 78.012
---------------------------------------------------------------------------------
INFO: [Synth 8-638] synthesizing module 'WriteBack_stagetb' [F:/DSD-II/Exercise6/Exercise6/Exercise6.srcs/sim_1/new/WriteBack_StageTB.vhd:9]
INFO: [Synth 8-3491] module 'WriteBack_Stage' declared at 'F:/DSD-II/Exercise6/Exercise6/Exercise6.srcs/sources_1/new/WriteBack_Stage.vhd:29' bound to instance 'wb_stage_inst' of component 'WriteBack_Stage' [F:/DSD-II/Exercise6/Exercise6/Exercise6.srcs/sim_1/new/WriteBack_StageTB.vhd:28]
INFO: [Synth 8-638] synthesizing module 'WriteBack_Stage' [F:/DSD-II/Exercise6/Exercise6/Exercise6.srcs/sources_1/new/WriteBack_Stage.vhd:39]
INFO: [Synth 8-256] done synthesizing module 'WriteBack_Stage' (1#1) [F:/DSD-II/Exercise6/Exercise6/Exercise6.srcs/sources_1/new/WriteBack_Stage.vhd:39]
WARNING: [Synth 8-312] ignoring unsynthesizable construct: wait statement with no conditon [F:/DSD-II/Exercise6/Exercise6/Exercise6.srcs/sim_1/new/WriteBack_StageTB.vhd:43]
WARNING: [Synth 8-312] ignoring unsynthesizable construct: wait statement with no conditon [F:/DSD-II/Exercise6/Exercise6/Exercise6.srcs/sim_1/new/WriteBack_StageTB.vhd:45]
WARNING: [Synth 8-312] ignoring unsynthesizable construct: wait statement with no conditon [F:/DSD-II/Exercise6/Exercise6/Exercise6.srcs/sim_1/new/WriteBack_StageTB.vhd:50]
WARNING: [Synth 8-312] ignoring unsynthesizable construct: wait statement with no conditon [F:/DSD-II/Exercise6/Exercise6/Exercise6.srcs/sim_1/new/WriteBack_StageTB.vhd:54]
WARNING: [Synth 8-312] ignoring unsynthesizable construct: wait statement with no conditon [F:/DSD-II/Exercise6/Exercise6/Exercise6.srcs/sim_1/new/WriteBack_StageTB.vhd:61]
WARNING: [Synth 8-312] ignoring unsynthesizable construct: wait statement with no conditon [F:/DSD-II/Exercise6/Exercise6/Exercise6.srcs/sim_1/new/WriteBack_StageTB.vhd:65]
INFO: [Synth 8-256] done synthesizing module 'WriteBack_stagetb' (2#1) [F:/DSD-II/Exercise6/Exercise6/Exercise6.srcs/sim_1/new/WriteBack_StageTB.vhd:9]
---------------------------------------------------------------------------------
Finished Synthesize : Time (s): cpu = 00:00:03 ; elapsed = 00:00:04 . Memory (MB): peak = 349.297 ; gain = 118.344
---------------------------------------------------------------------------------
---------------------------------------------------------------------------------
Finished Constraint Validation : Time (s): cpu = 00:00:03 ; elapsed = 00:00:06 . Memory (MB): peak = 349.297 ; gain = 118.344
---------------------------------------------------------------------------------
---------------------------------------------------------------------------------
Start Loading Part and Timing Information
---------------------------------------------------------------------------------
Loading part: xc7k70tfbv676-1
---------------------------------------------------------------------------------
Finished Loading Part and Timing Information : Time (s): cpu = 00:00:03 ; elapsed = 00:00:06 . Memory (MB): peak = 349.297 ; gain = 118.344
---------------------------------------------------------------------------------
INFO: [Device 21-403] Loading part xc7k70tfbv676-1
---------------------------------------------------------------------------------
Finished RTL Optimization Phase 2 : Time (s): cpu = 00:00:03 ; elapsed = 00:00:06 . Memory (MB): peak = 349.297 ; gain = 118.344
---------------------------------------------------------------------------------

Report RTL Partitions: 
+-+--------------+------------+----------+
| |RTL Partition |Replication |Instances |
+-+--------------+------------+----------+
+-+--------------+------------+----------+
No constraint files found.
---------------------------------------------------------------------------------
Start RTL Component Statistics 
---------------------------------------------------------------------------------
Detailed RTL Component Info : 
+---Muxes : 
	   2 Input     32 Bit        Muxes := 1     
---------------------------------------------------------------------------------
Finished RTL Component Statistics 
---------------------------------------------------------------------------------
---------------------------------------------------------------------------------
Start RTL Hierarchical Component Statistics 
---------------------------------------------------------------------------------
Hierarchical RTL Component report 
Module WriteBack_Stage 
Detailed RTL Component Info : 
+---Muxes : 
	   2 Input     32 Bit        Muxes := 1     
---------------------------------------------------------------------------------
Finished RTL Hierarchical Component Statistics
---------------------------------------------------------------------------------
---------------------------------------------------------------------------------
Start Part Resource Summary
---------------------------------------------------------------------------------
Part Resources:
DSPs: 240 (col length:80)
BRAMs: 270 (col length: RAMB18 80 RAMB36 40)
---------------------------------------------------------------------------------
Finished Part Resource Summary
---------------------------------------------------------------------------------
No constraint files found.
---------------------------------------------------------------------------------
Start Cross Boundary and Area Optimization
---------------------------------------------------------------------------------
WARNING: [Synth 8-115] binding instance 'i_0' in module 'WriteBack_stagetb' to reference 'partition' which has no pins
WARNING: [Synth 8-3330] design WriteBack_stagetb has an empty top module
---------------------------------------------------------------------------------
Finished Cross Boundary and Area Optimization : Time (s): cpu = 00:00:05 ; elapsed = 00:00:19 . Memory (MB): peak = 458.859 ; gain = 227.906
---------------------------------------------------------------------------------

Report RTL Partitions: 
+-+--------------+------------+----------+
| |RTL Partition |Replication |Instances |
+-+--------------+------------+----------+
+-+--------------+------------+----------+
No constraint files found.
---------------------------------------------------------------------------------
Start Timing Optimization
---------------------------------------------------------------------------------
---------------------------------------------------------------------------------
Finished Timing Optimization : Time (s): cpu = 00:00:05 ; elapsed = 00:00:19 . Memory (MB): peak = 458.859 ; gain = 227.906
---------------------------------------------------------------------------------

Report RTL Partitions: 
+-+--------------+------------+----------+
| |RTL Partition |Replication |Instances |
+-+--------------+------------+----------+
+-+--------------+------------+----------+
---------------------------------------------------------------------------------
Start Technology Mapping
---------------------------------------------------------------------------------
---------------------------------------------------------------------------------
Finished Technology Mapping : Time (s): cpu = 00:00:05 ; elapsed = 00:00:19 . Memory (MB): peak = 461.645 ; gain = 230.691
---------------------------------------------------------------------------------

Report RTL Partitions: 
+-+--------------+------------+----------+
| |RTL Partition |Replication |Instances |
+-+--------------+------------+----------+
+-+--------------+------------+----------+
---------------------------------------------------------------------------------
Start IO Insertion
---------------------------------------------------------------------------------
---------------------------------------------------------------------------------
Start Flattening Before IO Insertion
---------------------------------------------------------------------------------
---------------------------------------------------------------------------------
Finished Flattening Before IO Insertion
---------------------------------------------------------------------------------
---------------------------------------------------------------------------------
Start Final Netlist Cleanup
---------------------------------------------------------------------------------
---------------------------------------------------------------------------------
Finished Final Netlist Cleanup
---------------------------------------------------------------------------------
---------------------------------------------------------------------------------
Finished IO Insertion : Time (s): cpu = 00:00:06 ; elapsed = 00:00:19 . Memory (MB): peak = 461.645 ; gain = 230.691
---------------------------------------------------------------------------------

Report Check Netlist: 
+------+------------------+-------+---------+-------+------------------+
|      |Item              |Errors |Warnings |Status |Description       |
+------+------------------+-------+---------+-------+------------------+
|1     |multi_driven_nets |      0|        0|Passed |Multi driven nets |
+------+------------------+-------+---------+-------+------------------+
---------------------------------------------------------------------------------
Start Renaming Generated Instances
---------------------------------------------------------------------------------
---------------------------------------------------------------------------------
Finished Renaming Generated Instances : Time (s): cpu = 00:00:06 ; elapsed = 00:00:19 . Memory (MB): peak = 461.645 ; gain = 230.691
---------------------------------------------------------------------------------

Report RTL Partitions: 
+-+--------------+------------+----------+
| |RTL Partition |Replication |Instances |
+-+--------------+------------+----------+
+-+--------------+------------+----------+
---------------------------------------------------------------------------------
Start Rebuilding User Hierarchy
---------------------------------------------------------------------------------
---------------------------------------------------------------------------------
Finished Rebuilding User Hierarchy : Time (s): cpu = 00:00:06 ; elapsed = 00:00:19 . Memory (MB): peak = 461.645 ; gain = 230.691
---------------------------------------------------------------------------------
---------------------------------------------------------------------------------
Start Renaming Generated Ports
---------------------------------------------------------------------------------
---------------------------------------------------------------------------------
Finished Renaming Generated Ports : Time (s): cpu = 00:00:06 ; elapsed = 00:00:19 . Memory (MB): peak = 461.645 ; gain = 230.691
---------------------------------------------------------------------------------
---------------------------------------------------------------------------------
Start Handling Custom Attributes
---------------------------------------------------------------------------------
---------------------------------------------------------------------------------
Finished Handling Custom Attributes : Time (s): cpu = 00:00:06 ; elapsed = 00:00:19 . Memory (MB): peak = 461.645 ; gain = 230.691
---------------------------------------------------------------------------------
---------------------------------------------------------------------------------
Start Renaming Generated Nets
---------------------------------------------------------------------------------
---------------------------------------------------------------------------------
Finished Renaming Generated Nets : Time (s): cpu = 00:00:06 ; elapsed = 00:00:19 . Memory (MB): peak = 461.645 ; gain = 230.691
---------------------------------------------------------------------------------
---------------------------------------------------------------------------------
Start Writing Synthesis Report
---------------------------------------------------------------------------------

Report BlackBoxes: 
+-+--------------+----------+
| |BlackBox name |Instances |
+-+--------------+----------+
+-+--------------+----------+

Report Cell Usage: 
+-+-----+------+
| |Cell |Count |
+-+-----+------+
+-+-----+------+

Report Instance Areas: 
+------+---------+-------+------+
|      |Instance |Module |Cells |
+------+---------+-------+------+
|1     |top      |       |     0|
+------+---------+-------+------+
---------------------------------------------------------------------------------
Finished Writing Synthesis Report : Time (s): cpu = 00:00:06 ; elapsed = 00:00:19 . Memory (MB): peak = 461.645 ; gain = 230.691
---------------------------------------------------------------------------------
Synthesis finished with 0 errors, 0 critical warnings and 8 warnings.
Synthesis Optimization Runtime : Time (s): cpu = 00:00:06 ; elapsed = 00:00:19 . Memory (MB): peak = 461.645 ; gain = 230.691
Synthesis Optimization Complete : Time (s): cpu = 00:00:06 ; elapsed = 00:00:19 . Memory (MB): peak = 461.645 ; gain = 230.691
INFO: [Project 1-571] Translating synthesized netlist
INFO: [Project 1-570] Preparing netlist for logic optimization
INFO: [Opt 31-138] Pushed 0 inverter(s) to 0 load pin(s).
INFO: [Project 1-111] Unisim Transformation Summary:
No Unisim elements were transformed.

11 Infos, 8 Warnings, 0 Critical Warnings and 0 Errors encountered.
synth_design completed successfully
synth_design: Time (s): cpu = 00:00:09 ; elapsed = 00:00:23 . Memory (MB): peak = 543.176 ; gain = 319.984
INFO: [Common 17-1381] The checkpoint 'F:/DSD-II/Exercise6/project_1/project_1.runs/synth_1/WriteBack_stagetb.dcp' has been generated.
report_utilization: Time (s): cpu = 00:00:00 ; elapsed = 00:00:00.138 . Memory (MB): peak = 543.176 ; gain = 0.000
INFO: [Common 17-206] Exiting Vivado at Fri Apr 26 14:16:59 2019...
