Unable to capture context for thread 9604 in process 8244, can not generate back trace
Unable to capture context for thread 7024 in process 8244, can not generate back trace
Unable to capture context for thread 10396 in process 8244, can not generate back trace
Unable to capture context for thread 11368 in process 8244, can not generate back trace
Unable to capture context for thread 5636 in process 8244, can not generate back trace
Unable to capture context for thread 5396 in process 8244, can not generate back trace
Unable to capture context for thread 8328 in process 8244, can not generate back trace
Unable to capture context for thread 7288 in process 8244, can not generate back trace
Unable to capture context for thread 6992 in process 8244, can not generate back trace
Exception at PC 0x00007FFB0923BB93
Printing stacktrace...

[0]  [0x00007FFB0923BB93]
[1]  [0x00007FFB0923BB93]
[2]  [0x00007FFB0923B4A1]
[3]  [0x00007FFB0923B459]
[4]  [0x00007FFB092219FE]
[5]  [0x00007FFB09220ED1]
[6]  [0x00007FFB09220D76]
[7]  [0x00007FFB091C79F6]
[8]  [0x00007FFB091B7AFB]
[9]  [0x00007FFB092DE90A]
[10]  [0x00007FFB092F9F87]
[11]  [0x00007FFB092FA05F]
[12] (BaseThreadInitThunk+0x14) [0x00007FFB70411FE4]
[13] (RtlUserThreadStart+0x21) [0x00007FFB727DCB81]
Done
