Unable to capture context for thread 6400 in process 19452, can not generate back trace
Exception at PC 0x00007FFAB20ABB93
Printing stacktrace...

[0]  [0x00007FFAB20ABB93]
[1]  [0x00007FFAB20ABB93]
[2]  [0x00007FFAB20AB4A1]
[3]  [0x00007FFAB20AB3EF]
[4]  [0x00007FFAB20919FE]
[5]  [0x00007FFAB2090ED1]
[6]  [0x00007FFAB2090D76]
[7]  [0x00007FFAB20379F6]
[8]  [0x00007FFAB2027AFB]
[9]  [0x00007FFAB214E90A]
[10]  [0x00007FFAB2169F87]
[11]  [0x00007FFAB216A05F]
[12] (BaseThreadInitThunk+0x14) [0x00007FFB40307974]
[13] (RtlUserThreadStart+0x21) [0x00007FFB42E2A271]
Done
Exception at PC 0x00007FFAB1DB1A52
Attemped to write at address 0x00007FFB09F1ABA4
Printing stacktrace...

[0]  [0x00007FFAB1DB1A52]
[1]  [0x00007FFAB1DB1A52]
[2]  [0x00007FFAB1DB1AD4]
[3]  [0x00007FFAB1EF3FF7]
[4]  [0x00007FFAB1DD9128]
[5]  [0x00007FFAB208DFB9]
[6]  [0x00007FFAB225EF23]
[7]  [0x00007FFAB216B06B]
[8]  [0x00007FFAB21608AF]
[9]  [0x00007FFAB2160A32]
[10] (RtlAnsiStringToUnicodeString+0x297) [0x00007FFB42E08F07]
[11] (LdrShutdownProcess+0x12c) [0x00007FFB42E035BC]
[12] (RtlExitUserProcess+0xad) [0x00007FFB42E26DCD]
[13] (ExitProcess+0xa) [0x00007FFB4030D62A]
[14] (exit+0x85) [0x00007FFB40ACA2B5]
[15] (initterm_e+0x245) [0x00007FFB40ACA925]
[16]  [0x00000000004014CD]
[17]  [0x000000000040151B]
[18] (BaseThreadInitThunk+0x14) [0x00007FFB40307974]
[19] (RtlUserThreadStart+0x21) [0x00007FFB42E2A271]
Done
