INFO: [VRFC 10-163] Analyzing VHDL file "D:/DSD-II/proj1 - Copy/sources/ALU.vhd" into library xil_defaultlib
INFO: [VRFC 10-307] analyzing entity ALU
INFO: [VRFC 10-163] Analyzing VHDL file "D:/DSD-II/proj1 - Copy/sources/adder.vhd" into library xil_defaultlib
INFO: [VRFC 10-307] analyzing entity adder
INFO: [VRFC 10-163] Analyzing VHDL file "D:/DSD-II/proj1 - Copy/sources/andN.vhd" into library xil_defaultlib
INFO: [VRFC 10-307] analyzing entity andN
INFO: [VRFC 10-163] Analyzing VHDL file "D:/DSD-II/proj1 - Copy/sources/data_mem.vhd" into library xil_defaultlib
INFO: [VRFC 10-307] analyzing entity data_mem
INFO: [VRFC 10-163] Analyzing VHDL file "D:/DSD-II/proj1 - Copy/sources/execute.vhd" into library xil_defaultlib
INFO: [VRFC 10-307] analyzing entity execute
INFO: [VRFC 10-163] Analyzing VHDL file "D:/DSD-II/proj1 - Copy/sources/fa.vhd" into library xil_defaultlib
INFO: [VRFC 10-307] analyzing entity fa
INFO: [VRFC 10-163] Analyzing VHDL file "D:/DSD-II/proj1 - Copy/sources/instr_decode.vhd" into library xil_defaultlib
INFO: [VRFC 10-307] analyzing entity instr_decode
INFO: [VRFC 10-163] Analyzing VHDL file "D:/DSD-II/proj1 - Copy/sources/instr_fetch.vhd" into library xil_defaultlib
INFO: [VRFC 10-307] analyzing entity instr_fetch
INFO: [VRFC 10-163] Analyzing VHDL file "D:/DSD-II/proj1 - Copy/sources/mem_stage.vhd" into library xil_defaultlib
INFO: [VRFC 10-307] analyzing entity mem_stage
INFO: [VRFC 10-163] Analyzing VHDL file "D:/DSD-II/proj1 - Copy/project_1/project_1.srcs/sources_1/new/microprocessor.vhd" into library xil_defaultlib
INFO: [VRFC 10-307] analyzing entity MIPS
INFO: [VRFC 10-163] Analyzing VHDL file "D:/DSD-II/proj1 - Copy/sources/multiU.vhd" into library xil_defaultlib
INFO: [VRFC 10-307] analyzing entity multU
INFO: [VRFC 10-163] Analyzing VHDL file "D:/DSD-II/proj1 - Copy/sources/mux.vhd" into library xil_defaultlib
INFO: [VRFC 10-307] analyzing entity mux
INFO: [VRFC 10-163] Analyzing VHDL file "D:/DSD-II/proj1 - Copy/sources/orN.vhd" into library xil_defaultlib
INFO: [VRFC 10-307] analyzing entity orN
INFO: [VRFC 10-163] Analyzing VHDL file "D:/DSD-II/proj1 - Copy/sources/pc_reg.vhd" into library xil_defaultlib
INFO: [VRFC 10-307] analyzing entity pc_reg
INFO: [VRFC 10-163] Analyzing VHDL file "D:/DSD-II/proj1 - Copy/sources/register_file.vhd" into library xil_defaultlib
INFO: [VRFC 10-307] analyzing entity register_file
INFO: [VRFC 10-163] Analyzing VHDL file "D:/DSD-II/proj1 - Copy/sources/ripplecarry_fa.vhd" into library xil_defaultlib
INFO: [VRFC 10-307] analyzing entity ripplecarry_fa
INFO: [VRFC 10-163] Analyzing VHDL file "D:/DSD-II/proj1 - Copy/sources/sllN.vhd" into library xil_defaultlib
INFO: [VRFC 10-307] analyzing entity sllN
INFO: [VRFC 10-163] Analyzing VHDL file "D:/DSD-II/proj1 - Copy/sources/sraN.vhd" into library xil_defaultlib
INFO: [VRFC 10-307] analyzing entity sraN
INFO: [VRFC 10-163] Analyzing VHDL file "D:/DSD-II/proj1 - Copy/sources/srlN.vhd" into library xil_defaultlib
INFO: [VRFC 10-307] analyzing entity srlN
INFO: [VRFC 10-163] Analyzing VHDL file "D:/DSD-II/proj1 - Copy/sources/wb_stage.vhd" into library xil_defaultlib
INFO: [VRFC 10-307] analyzing entity wb_stage
INFO: [VRFC 10-163] Analyzing VHDL file "D:/DSD-II/proj1 - Copy/sources/xorN.vhd" into library xil_defaultlib
INFO: [VRFC 10-307] analyzing entity xorN
INFO: [VRFC 10-163] Analyzing VHDL file "D:/DSD-II/proj1 - Copy/project_1/project_1.srcs/sim_1/new/microprocessor_tb.vhd" into library xil_defaultlib
INFO: [VRFC 10-307] analyzing entity MIPS_tb
