Vivado Simulator 2017.2
Copyright 1986-1999, 2001-2016 Xilinx, Inc. All Rights Reserved.
Running: C:/Xilinx/Vivado/2017.2/bin/unwrapped/win64.o/xelab.exe -wto bf012efcabd8415187872d9e023a8601 --debug typical --relax --mt 2 -L xil_defaultlib -L secureip --snapshot MIPS_tb_behav xil_defaultlib.MIPS_tb -log elaborate.log 
Using 2 slave threads.
Starting static elaboration
WARNING: [VRFC 10-122] instr_mem remains a black-box since it has no binding entity [D:/DSD-II/proj1 - Copy/sources/instr_fetch.vhd:66]
Completed static elaboration
Starting simulation data flow analysis
Completed simulation data flow analysis
Time Resolution for simulation is 1ps
Compiling package std.standard
Compiling package std.textio
Compiling package ieee.std_logic_1164
Compiling package ieee.numeric_std
Compiling package ieee.std_logic_arith
Compiling package ieee.std_logic_unsigned
Compiling architecture behavioral of entity xil_defaultlib.mux [mux_default]
Compiling architecture behav of entity xil_defaultlib.pc_reg [pc_reg_default]
Compiling architecture behav of entity xil_defaultlib.adder [adder_default]
Compiling architecture structural of entity xil_defaultlib.instr_fetch [instr_fetch_default]
Compiling architecture reg_arch of entity xil_defaultlib.register_file [register_file_default]
Compiling architecture behav of entity xil_defaultlib.instr_decode [instr_decode_default]
Compiling architecture dataflow of entity xil_defaultlib.fa [fa_default]
Compiling architecture structural of entity xil_defaultlib.ripplecarry_fa [ripplecarry_fa_default]
Compiling architecture dataflow of entity xil_defaultlib.andN [andn_default]
Compiling architecture dataflow of entity xil_defaultlib.orN [orn_default]
Compiling architecture dataflow of entity xil_defaultlib.xorN [xorn_default]
Compiling architecture behavioral of entity xil_defaultlib.sllN [slln_default]
Compiling architecture behavioral of entity xil_defaultlib.sraN [sran_default]
Compiling architecture behavioral of entity xil_defaultlib.srlN [srln_default]
Compiling architecture behav of entity xil_defaultlib.multU [multu_default]
Compiling architecture structural of entity xil_defaultlib.ALU [alu_default]
Compiling architecture behav of entity xil_defaultlib.execute [execute_default]
Compiling architecture behav of entity xil_defaultlib.data_mem [data_mem_default]
Compiling architecture structural of entity xil_defaultlib.mem_stage [mem_stage_default]
Compiling architecture behav of entity xil_defaultlib.wb_stage [wb_stage_default]
Compiling architecture behavioral of entity xil_defaultlib.MIPS [mips_default]
Compiling architecture bench of entity xil_defaultlib.mips_tb
Built simulation snapshot MIPS_tb_behav
